# JRE version: Java(TM) SE Runtime Environment (15.0.1+9) (build 15.0.1+9-18)
# Java VM: Java HotSpot(TM) 64-Bit Server VM (15.0.1+9-18, mixed mode, sharing, tiered, compressed oops, g1 gc, windows-amd64)
GC Precious Log:
 CPUs: 8 total, 8 available
 Memory: 3531M
 Large Page Support: Disabled
 NUMA Support: Disabled
 Compressed Oops: Enabled (32-bit)
 Heap Region Size: 1M
 Heap Min Capacity: 8M
 Heap Initial Capacity: 56M
 Heap Max Capacity: 884M
 Pre-touch: Disabled
 Parallel Workers: 8
 Concurrent Workers: 2
 Concurrent Refinement Workers: 8
 Periodic GC: Disabled
Heap:
 garbage-first heap   total 57344K, used 37400K [0x00000000c8c00000, 0x0000000100000000)
  region size 1024K, 30 young (30720K), 3 survivors (3072K)
 Metaspace       used 18689K, capacity 18938K, committed 19072K, reserved 1075200K
  class space    used 2219K, capacity 2307K, committed 2432K, reserved 1048576K
GC Heap History (10 events):
Event: 1.397 GC heap before
{Heap before GC invocations=0 (full 0):
 garbage-first heap   total 57344K, used 23552K [0x00000000c8c00000, 0x0000000100000000)
  region size 1024K, 23 young (23552K), 0 survivors (0K)
 Metaspace       used 6290K, capacity 7489K, committed 7808K, reserved 1064960K
  class space    used 696K, capacity 785K, committed 896K, reserved 1048576K
}
Event: 1.405 GC heap after
{Heap after GC invocations=1 (full 0):
 garbage-first heap   total 57344K, used 7613K [0x00000000c8c00000, 0x0000000100000000)
  region size 1024K, 3 young (3072K), 3 survivors (3072K)
 Metaspace       used 6290K, capacity 7489K, committed 7808K, reserved 1064960K
  class space    used 696K, capacity 785K, committed 896K, reserved 1048576K
}
Event: 1.709 GC heap before
{Heap before GC invocations=1 (full 0):
 garbage-first heap   total 57344K, used 28093K [0x00000000c8c00000, 0x0000000100000000)
  region size 1024K, 23 young (23552K), 3 survivors (3072K)
 Metaspace       used 11498K, capacity 12027K, committed 12160K, reserved 1069056K
  class space    used 1337K, capacity 1406K, committed 1408K, reserved 1048576K
}
Event: 1.714 GC heap after
{Heap after GC invocations=2 (full 0):
 garbage-first heap   total 57344K, used 8638K [0x00000000c8c00000, 0x0000000100000000)
  region size 1024K, 1 young (1024K), 1 survivors (1024K)
 Metaspace       used 11498K, capacity 12027K, committed 12160K, reserved 1069056K
  class space    used 1337K, capacity 1406K, committed 1408K, reserved 1048576K
}
Event: 2.215 GC heap before
{Heap before GC invocations=2 (full 0):
 garbage-first heap   total 57344K, used 30142K [0x00000000c8c00000, 0x0000000100000000)
  region size 1024K, 23 young (23552K), 1 survivors (1024K)
 Metaspace       used 15019K, capacity 15291K, committed 15488K, reserved 1071104K
  class space    used 1794K, capacity 1867K, committed 1920K, reserved 1048576K
}
Event: 2.218 GC heap after
{Heap after GC invocations=3 (full 0):
 garbage-first heap   total 57344K, used 9762K [0x00000000c8c00000, 0x0000000100000000)
  region size 1024K, 3 young (3072K), 3 survivors (3072K)
 Metaspace       used 15019K, capacity 15291K, committed 15488K, reserved 1071104K
  class space    used 1794K, capacity 1867K, committed 1920K, reserved 1048576K
}
Event: 2.228 GC heap before
{Heap before GC invocations=3 (full 0):
 garbage-first heap   total 57344K, used 33314K [0x00000000c8c00000, 0x0000000100000000)
  region size 1024K, 27 young (27648K), 3 survivors (3072K)
 Metaspace       used 15042K, capacity 15291K, committed 15488K, reserved 1071104K
  class space    used 1797K, capacity 1867K, committed 1920K, reserved 1048576K
}
Event: 2.232 GC heap after
{Heap after GC invocations=4 (full 0):
 garbage-first heap   total 57344K, used 9902K [0x00000000c8c00000, 0x0000000100000000)
  region size 1024K, 2 young (2048K), 2 survivors (2048K)
 Metaspace       used 15042K, capacity 15291K, committed 15488K, reserved 1071104K
  class space    used 1797K, capacity 1867K, committed 1920K, reserved 1048576K
}
Event: 2.604 GC heap before
{Heap before GC invocations=4 (full 0):
 garbage-first heap   total 57344K, used 39598K [0x00000000c8c00000, 0x0000000100000000)
  region size 1024K, 32 young (32768K), 2 survivors (2048K)
 Metaspace       used 16451K, capacity 16736K, committed 16896K, reserved 1073152K
  class space    used 1929K, capacity 2004K, committed 2048K, reserved 1048576K
}
Event: 2.607 GC heap after
{Heap after GC invocations=5 (full 0):
 garbage-first heap   total 57344K, used 10776K [0x00000000c8c00000, 0x0000000100000000)
  region size 1024K, 3 young (3072K), 3 survivors (3072K)
 Metaspace       used 16451K, capacity 16736K, committed 16896K, reserved 1073152K
  class space    used 1929K, capacity 2004K, committed 2048K, reserved 1048576K
}

