# JRE version: Java(TM) SE Runtime Environment (15.0.1+9) (build 15.0.1+9-18)
# Java VM: Java HotSpot(TM) 64-Bit Server VM (15.0.1+9-18, mixed mode, sharing, tiered, compressed oops, g1 gc, windows-amd64)
GC Precious Log:
 CPUs: 8 total, 8 available
 Memory: 3531M
 Large Page Support: Disabled
 NUMA Support: Disabled
 Compressed Oops: Enabled (32-bit)
 Heap Region Size: 1M
 Heap Min Capacity: 8M
 Heap Initial Capacity: 56M
 Heap Max Capacity: 884M
 Pre-touch: Disabled
 Parallel Workers: 8
 Concurrent Workers: 2
 Concurrent Refinement Workers: 8
 Periodic GC: Disabled
Heap:
 garbage-first heap   total 57344K, used 19479K [0x00000000c8c00000, 0x0000000100000000)
  region size 1024K, 13 young (13312K), 3 survivors (3072K)
 Metaspace       used 16958K, capacity 17249K, committed 17408K, reserved 1064960K
  class space    used 2092K, capacity 2201K, committed 2304K, reserved 1048576K
GC Heap History (6 events):
Event: 1.010 GC heap before
{Heap before GC invocations=0 (full 0):
 garbage-first heap   total 57344K, used 23552K [0x00000000c8c00000, 0x0000000100000000)
  region size 1024K, 23 young (23552K), 0 survivors (0K)
 Metaspace       used 5055K, capacity 6756K, committed 6912K, reserved 1056768K
  class space    used 609K, capacity 756K, committed 768K, reserved 1048576K
}
Event: 1.024 GC heap after
{Heap after GC invocations=1 (full 0):
 garbage-first heap   total 57344K, used 8061K [0x00000000c8c00000, 0x0000000100000000)
  region size 1024K, 3 young (3072K), 3 survivors (3072K)
 Metaspace       used 5055K, capacity 6756K, committed 6912K, reserved 1056768K
  class space    used 609K, capacity 756K, committed 768K, reserved 1048576K
}
Event: 1.771 GC heap before
{Heap before GC invocations=1 (full 0):
 garbage-first heap   total 57344K, used 27517K [0x00000000c8c00000, 0x0000000100000000)
  region size 1024K, 22 young (22528K), 3 survivors (3072K)
 Metaspace       used 9892K, capacity 10466K, committed 10496K, reserved 1058816K
  class space    used 1195K, capacity 1250K, committed 1280K, reserved 1048576K
}
Event: 1.777 GC heap after
{Heap after GC invocations=2 (full 0):
 garbage-first heap   total 57344K, used 9285K [0x00000000c8c00000, 0x0000000100000000)
  region size 1024K, 2 young (2048K), 2 survivors (2048K)
 Metaspace       used 9892K, capacity 10466K, committed 10496K, reserved 1058816K
  class space    used 1195K, capacity 1250K, committed 1280K, reserved 1048576K
}
Event: 2.207 GC heap before
{Heap before GC invocations=2 (full 0):
 garbage-first heap   total 57344K, used 29765K [0x00000000c8c00000, 0x0000000100000000)
  region size 1024K, 23 young (23552K), 2 survivors (2048K)
 Metaspace       used 14856K, capacity 15074K, committed 15232K, reserved 1062912K
  class space    used 1790K, capacity 1862K, committed 1920K, reserved 1048576K
}
Event: 2.212 GC heap after
{Heap after GC invocations=3 (full 0):
 garbage-first heap   total 57344K, used 10263K [0x00000000c8c00000, 0x0000000100000000)
  region size 1024K, 3 young (3072K), 3 survivors (3072K)
 Metaspace       used 14856K, capacity 15074K, committed 15232K, reserved 1062912K
  class space    used 1790K, capacity 1862K, committed 1920K, reserved 1048576K
}

